This is XeTeX, Version 3.14159265-2.6-0.999992 (TeX Live 2020/W32TeX) (preloaded format=xelatex 2021.3.16)  14 SEP 2021 11:45
entering extended mode
 restricted \write18 enabled.
 %&-line parsing enabled.
**tex_temp.tex
(./tex_temp.tex
LaTeX2e <2020-02-02> patch level 5
L3 programming layer <2020-03-06>
(c:/Programs/texlive/2020/texmf-dist/tex/latex/base/article.cls
Document Class: article 2019/12/20 v1.4l Standard LaTeX document class
(c:/Programs/texlive/2020/texmf-dist/tex/latex/base/size12.clo
File: size12.clo 2019/12/20 v1.4l Standard LaTeX file (size option)
)
\c@part=\count163
\c@section=\count164
\c@subsection=\count165
\c@subsubsection=\count166
\c@paragraph=\count167
\c@subparagraph=\count168
\c@figure=\count169
\c@table=\count170
\abovecaptionskip=\skip47
\belowcaptionskip=\skip48
\bibindent=\dimen134
)
(c:/Programs/texlive/2020/texmf-dist/tex/latex/pgf/frontendlayer/tikz.sty
(c:/Programs/texlive/2020/texmf-dist/tex/latex/pgf/basiclayer/pgf.sty
(c:/Programs/texlive/2020/texmf-dist/tex/latex/pgf/utilities/pgfrcs.sty
(c:/Programs/texlive/2020/texmf-dist/tex/generic/pgf/utilities/pgfutil-common.t
ex
\pgfutil@everybye=\toks15
\pgfutil@tempdima=\dimen135
\pgfutil@tempdimb=\dimen136

(c:/Programs/texlive/2020/texmf-dist/tex/generic/pgf/utilities/pgfutil-common-l
ists.tex))
(c:/Programs/texlive/2020/texmf-dist/tex/generic/pgf/utilities/pgfutil-latex.de
f
\pgfutil@abb=\box45
 (c:/Programs/texlive/2020/texmf-dist/tex/latex/ms/everyshi.sty
Package: everyshi 2001/05/15 v3.00 EveryShipout Package (MS)
))
(c:/Programs/texlive/2020/texmf-dist/tex/generic/pgf/utilities/pgfrcs.code.tex
(c:/Programs/texlive/2020/texmf-dist/tex/generic/pgf/pgf.revision.tex)
Package: pgfrcs 2020/01/08 v3.1.5b (3.1.5b)
))
Package: pgf 2020/01/08 v3.1.5b (3.1.5b)

(c:/Programs/texlive/2020/texmf-dist/tex/latex/pgf/basiclayer/pgfcore.sty
(c:/Programs/texlive/2020/texmf-dist/tex/latex/graphics/graphicx.sty
Package: graphicx 2019/11/30 v1.2a Enhanced LaTeX Graphics (DPC,SPQR)

(c:/Programs/texlive/2020/texmf-dist/tex/latex/graphics/keyval.sty
Package: keyval 2014/10/28 v1.15 key=value parser (DPC)
\KV@toks@=\toks16
)
(c:/Programs/texlive/2020/texmf-dist/tex/latex/graphics/graphics.sty
Package: graphics 2019/11/30 v1.4a Standard LaTeX Graphics (DPC,SPQR)

(c:/Programs/texlive/2020/texmf-dist/tex/latex/graphics/trig.sty
Package: trig 2016/01/03 v1.10 sin cos tan (DPC)
)
(c:/Programs/texlive/2020/texmf-dist/tex/latex/graphics-cfg/graphics.cfg
File: graphics.cfg 2016/06/04 v1.11 sample graphics configuration
)
Package graphics Info: Driver file: xetex.def on input line 105.

(c:/Programs/texlive/2020/texmf-dist/tex/latex/graphics-def/xetex.def
File: xetex.def 2017/06/24 v5.0h Graphics/color driver for xetex
))
\Gin@req@height=\dimen137
\Gin@req@width=\dimen138
)
(c:/Programs/texlive/2020/texmf-dist/tex/latex/pgf/systemlayer/pgfsys.sty
(c:/Programs/texlive/2020/texmf-dist/tex/generic/pgf/systemlayer/pgfsys.code.te
x
Package: pgfsys 2020/01/08 v3.1.5b (3.1.5b)

(c:/Programs/texlive/2020/texmf-dist/tex/generic/pgf/utilities/pgfkeys.code.tex
\pgfkeys@pathtoks=\toks17
\pgfkeys@temptoks=\toks18

(c:/Programs/texlive/2020/texmf-dist/tex/generic/pgf/utilities/pgfkeysfiltered.
code.tex
\pgfkeys@tmptoks=\toks19
))
\pgf@x=\dimen139
\pgf@y=\dimen140
\pgf@xa=\dimen141
\pgf@ya=\dimen142
\pgf@xb=\dimen143
\pgf@yb=\dimen144
\pgf@xc=\dimen145
\pgf@yc=\dimen146
\pgf@xd=\dimen147
\pgf@yd=\dimen148
\w@pgf@writea=\write3
\r@pgf@reada=\read2
\c@pgf@counta=\count171
\c@pgf@countb=\count172
\c@pgf@countc=\count173
\c@pgf@countd=\count174
\t@pgf@toka=\toks20
\t@pgf@tokb=\toks21
\t@pgf@tokc=\toks22
\pgf@sys@id@count=\count175

(c:/Programs/texlive/2020/texmf-dist/tex/generic/pgf/systemlayer/pgf.cfg
File: pgf.cfg 2020/01/08 v3.1.5b (3.1.5b)
)
Driver file for pgf: pgfsys-xetex.def

(c:/Programs/texlive/2020/texmf-dist/tex/generic/pgf/systemlayer/pgfsys-xetex.d
ef
File: pgfsys-xetex.def 2020/01/08 v3.1.5b (3.1.5b)

(c:/Programs/texlive/2020/texmf-dist/tex/generic/pgf/systemlayer/pgfsys-dvipdfm
x.def
File: pgfsys-dvipdfmx.def 2020/01/08 v3.1.5b (3.1.5b)

(c:/Programs/texlive/2020/texmf-dist/tex/generic/pgf/systemlayer/pgfsys-common-
pdf.def
File: pgfsys-common-pdf.def 2020/01/08 v3.1.5b (3.1.5b)
)
\pgfsys@objnum=\count176
)))
(c:/Programs/texlive/2020/texmf-dist/tex/generic/pgf/systemlayer/pgfsyssoftpath
.code.tex
File: pgfsyssoftpath.code.tex 2020/01/08 v3.1.5b (3.1.5b)
\pgfsyssoftpath@smallbuffer@items=\count177
\pgfsyssoftpath@bigbuffer@items=\count178
)
(c:/Programs/texlive/2020/texmf-dist/tex/generic/pgf/systemlayer/pgfsysprotocol
.code.tex
File: pgfsysprotocol.code.tex 2020/01/08 v3.1.5b (3.1.5b)
)) (c:/Programs/texlive/2020/texmf-dist/tex/latex/xcolor/xcolor.sty
Package: xcolor 2016/05/11 v2.12 LaTeX color extensions (UK)

(c:/Programs/texlive/2020/texmf-dist/tex/latex/graphics-cfg/color.cfg
File: color.cfg 2016/01/02 v1.6 sample color configuration
)
Package xcolor Info: Driver file: xetex.def on input line 225.
Package xcolor Info: Model `cmy' substituted by `cmy0' on input line 1348.
Package xcolor Info: Model `RGB' extended on input line 1364.
Package xcolor Info: Model `HTML' substituted by `rgb' on input line 1366.
Package xcolor Info: Model `Hsb' substituted by `hsb' on input line 1367.
Package xcolor Info: Model `tHsb' substituted by `hsb' on input line 1368.
Package xcolor Info: Model `HSB' substituted by `hsb' on input line 1369.
Package xcolor Info: Model `Gray' substituted by `gray' on input line 1370.
Package xcolor Info: Model `wave' substituted by `hsb' on input line 1371.
)
(c:/Programs/texlive/2020/texmf-dist/tex/generic/pgf/basiclayer/pgfcore.code.te
x
Package: pgfcore 2020/01/08 v3.1.5b (3.1.5b)
 (c:/Programs/texlive/2020/texmf-dist/tex/generic/pgf/math/pgfmath.code.tex
(c:/Programs/texlive/2020/texmf-dist/tex/generic/pgf/math/pgfmathcalc.code.tex
(c:/Programs/texlive/2020/texmf-dist/tex/generic/pgf/math/pgfmathutil.code.tex)

(c:/Programs/texlive/2020/texmf-dist/tex/generic/pgf/math/pgfmathparser.code.te
x
\pgfmath@dimen=\dimen149
\pgfmath@count=\count179
\pgfmath@box=\box46
\pgfmath@toks=\toks23
\pgfmath@stack@operand=\toks24
\pgfmath@stack@operation=\toks25
)
(c:/Programs/texlive/2020/texmf-dist/tex/generic/pgf/math/pgfmathfunctions.code
.tex
(c:/Programs/texlive/2020/texmf-dist/tex/generic/pgf/math/pgfmathfunctions.basi
c.code.tex)
(c:/Programs/texlive/2020/texmf-dist/tex/generic/pgf/math/pgfmathfunctions.trig
onometric.code.tex)
(c:/Programs/texlive/2020/texmf-dist/tex/generic/pgf/math/pgfmathfunctions.rand
om.code.tex)
(c:/Programs/texlive/2020/texmf-dist/tex/generic/pgf/math/pgfmathfunctions.comp
arison.code.tex)
(c:/Programs/texlive/2020/texmf-dist/tex/generic/pgf/math/pgfmathfunctions.base
.code.tex)
(c:/Programs/texlive/2020/texmf-dist/tex/generic/pgf/math/pgfmathfunctions.roun
d.code.tex)
(c:/Programs/texlive/2020/texmf-dist/tex/generic/pgf/math/pgfmathfunctions.misc
.code.tex)
(c:/Programs/texlive/2020/texmf-dist/tex/generic/pgf/math/pgfmathfunctions.inte
gerarithmetics.code.tex)))
(c:/Programs/texlive/2020/texmf-dist/tex/generic/pgf/math/pgfmathfloat.code.tex
\c@pgfmathroundto@lastzeros=\count180
)) (c:/Programs/texlive/2020/texmf-dist/tex/generic/pgf/math/pgfint.code.tex)
(c:/Programs/texlive/2020/texmf-dist/tex/generic/pgf/basiclayer/pgfcorepoints.c
ode.tex
File: pgfcorepoints.code.tex 2020/01/08 v3.1.5b (3.1.5b)
\pgf@picminx=\dimen150
\pgf@picmaxx=\dimen151
\pgf@picminy=\dimen152
\pgf@picmaxy=\dimen153
\pgf@pathminx=\dimen154
\pgf@pathmaxx=\dimen155
\pgf@pathminy=\dimen156
\pgf@pathmaxy=\dimen157
\pgf@xx=\dimen158
\pgf@xy=\dimen159
\pgf@yx=\dimen160
\pgf@yy=\dimen161
\pgf@zx=\dimen162
\pgf@zy=\dimen163
)
(c:/Programs/texlive/2020/texmf-dist/tex/generic/pgf/basiclayer/pgfcorepathcons
truct.code.tex
File: pgfcorepathconstruct.code.tex 2020/01/08 v3.1.5b (3.1.5b)
\pgf@path@lastx=\dimen164
\pgf@path@lasty=\dimen165
)
(c:/Programs/texlive/2020/texmf-dist/tex/generic/pgf/basiclayer/pgfcorepathusag
e.code.tex
File: pgfcorepathusage.code.tex 2020/01/08 v3.1.5b (3.1.5b)
\pgf@shorten@end@additional=\dimen166
\pgf@shorten@start@additional=\dimen167
)
(c:/Programs/texlive/2020/texmf-dist/tex/generic/pgf/basiclayer/pgfcorescopes.c
ode.tex
File: pgfcorescopes.code.tex 2020/01/08 v3.1.5b (3.1.5b)
\pgfpic=\box47
\pgf@hbox=\box48
\pgf@layerbox@main=\box49
\pgf@picture@serial@count=\count181
)
(c:/Programs/texlive/2020/texmf-dist/tex/generic/pgf/basiclayer/pgfcoregraphics
tate.code.tex
File: pgfcoregraphicstate.code.tex 2020/01/08 v3.1.5b (3.1.5b)
\pgflinewidth=\dimen168
)
(c:/Programs/texlive/2020/texmf-dist/tex/generic/pgf/basiclayer/pgfcoretransfor
mations.code.tex
File: pgfcoretransformations.code.tex 2020/01/08 v3.1.5b (3.1.5b)
\pgf@pt@x=\dimen169
\pgf@pt@y=\dimen170
\pgf@pt@temp=\dimen171
)
(c:/Programs/texlive/2020/texmf-dist/tex/generic/pgf/basiclayer/pgfcorequick.co
de.tex
File: pgfcorequick.code.tex 2020/01/08 v3.1.5b (3.1.5b)
)
(c:/Programs/texlive/2020/texmf-dist/tex/generic/pgf/basiclayer/pgfcoreobjects.
code.tex
File: pgfcoreobjects.code.tex 2020/01/08 v3.1.5b (3.1.5b)
)
(c:/Programs/texlive/2020/texmf-dist/tex/generic/pgf/basiclayer/pgfcorepathproc
essing.code.tex
File: pgfcorepathprocessing.code.tex 2020/01/08 v3.1.5b (3.1.5b)
)
(c:/Programs/texlive/2020/texmf-dist/tex/generic/pgf/basiclayer/pgfcorearrows.c
ode.tex
File: pgfcorearrows.code.tex 2020/01/08 v3.1.5b (3.1.5b)
\pgfarrowsep=\dimen172
)
(c:/Programs/texlive/2020/texmf-dist/tex/generic/pgf/basiclayer/pgfcoreshade.co
de.tex
File: pgfcoreshade.code.tex 2020/01/08 v3.1.5b (3.1.5b)
\pgf@max=\dimen173
\pgf@sys@shading@range@num=\count182
\pgf@shadingcount=\count183
)
(c:/Programs/texlive/2020/texmf-dist/tex/generic/pgf/basiclayer/pgfcoreimage.co
de.tex
File: pgfcoreimage.code.tex 2020/01/08 v3.1.5b (3.1.5b)

(c:/Programs/texlive/2020/texmf-dist/tex/generic/pgf/basiclayer/pgfcoreexternal
.code.tex
File: pgfcoreexternal.code.tex 2020/01/08 v3.1.5b (3.1.5b)
\pgfexternal@startupbox=\box50
))
(c:/Programs/texlive/2020/texmf-dist/tex/generic/pgf/basiclayer/pgfcorelayers.c
ode.tex
File: pgfcorelayers.code.tex 2020/01/08 v3.1.5b (3.1.5b)
)
(c:/Programs/texlive/2020/texmf-dist/tex/generic/pgf/basiclayer/pgfcoretranspar
ency.code.tex
File: pgfcoretransparency.code.tex 2020/01/08 v3.1.5b (3.1.5b)
)
(c:/Programs/texlive/2020/texmf-dist/tex/generic/pgf/basiclayer/pgfcorepatterns
.code.tex
File: pgfcorepatterns.code.tex 2020/01/08 v3.1.5b (3.1.5b)
)
(c:/Programs/texlive/2020/texmf-dist/tex/generic/pgf/basiclayer/pgfcorerdf.code
.tex
File: pgfcorerdf.code.tex 2020/01/08 v3.1.5b (3.1.5b)
)))
(c:/Programs/texlive/2020/texmf-dist/tex/generic/pgf/modules/pgfmoduleshapes.co
de.tex
File: pgfmoduleshapes.code.tex 2020/01/08 v3.1.5b (3.1.5b)
\pgfnodeparttextbox=\box51
)
(c:/Programs/texlive/2020/texmf-dist/tex/generic/pgf/modules/pgfmoduleplot.code
.tex
File: pgfmoduleplot.code.tex 2020/01/08 v3.1.5b (3.1.5b)
)
(c:/Programs/texlive/2020/texmf-dist/tex/latex/pgf/compatibility/pgfcomp-versio
n-0-65.sty
Package: pgfcomp-version-0-65 2020/01/08 v3.1.5b (3.1.5b)
\pgf@nodesepstart=\dimen174
\pgf@nodesepend=\dimen175
)
(c:/Programs/texlive/2020/texmf-dist/tex/latex/pgf/compatibility/pgfcomp-versio
n-1-18.sty
Package: pgfcomp-version-1-18 2020/01/08 v3.1.5b (3.1.5b)
))
(c:/Programs/texlive/2020/texmf-dist/tex/latex/pgf/utilities/pgffor.sty
(c:/Programs/texlive/2020/texmf-dist/tex/latex/pgf/utilities/pgfkeys.sty
(c:/Programs/texlive/2020/texmf-dist/tex/generic/pgf/utilities/pgfkeys.code.tex
)) (c:/Programs/texlive/2020/texmf-dist/tex/latex/pgf/math/pgfmath.sty
(c:/Programs/texlive/2020/texmf-dist/tex/generic/pgf/math/pgfmath.code.tex))
(c:/Programs/texlive/2020/texmf-dist/tex/generic/pgf/utilities/pgffor.code.tex
Package: pgffor 2020/01/08 v3.1.5b (3.1.5b)

(c:/Programs/texlive/2020/texmf-dist/tex/generic/pgf/math/pgfmath.code.tex)
\pgffor@iter=\dimen176
\pgffor@skip=\dimen177
\pgffor@stack=\toks26
\pgffor@toks=\toks27
))
(c:/Programs/texlive/2020/texmf-dist/tex/generic/pgf/frontendlayer/tikz/tikz.co
de.tex
Package: tikz 2020/01/08 v3.1.5b (3.1.5b)

(c:/Programs/texlive/2020/texmf-dist/tex/generic/pgf/libraries/pgflibraryplotha
ndlers.code.tex
File: pgflibraryplothandlers.code.tex 2020/01/08 v3.1.5b (3.1.5b)
\pgf@plot@mark@count=\count184
\pgfplotmarksize=\dimen178
)
\tikz@lastx=\dimen179
\tikz@lasty=\dimen180
\tikz@lastxsaved=\dimen181
\tikz@lastysaved=\dimen182
\tikz@lastmovetox=\dimen183
\tikz@lastmovetoy=\dimen184
\tikzleveldistance=\dimen185
\tikzsiblingdistance=\dimen186
\tikz@figbox=\box52
\tikz@figbox@bg=\box53
\tikz@tempbox=\box54
\tikz@tempbox@bg=\box55
\tikztreelevel=\count185
\tikznumberofchildren=\count186
\tikznumberofcurrentchild=\count187
\tikz@fig@count=\count188

(c:/Programs/texlive/2020/texmf-dist/tex/generic/pgf/modules/pgfmodulematrix.co
de.tex
File: pgfmodulematrix.code.tex 2020/01/08 v3.1.5b (3.1.5b)
\pgfmatrixcurrentrow=\count189
\pgfmatrixcurrentcolumn=\count190
\pgf@matrix@numberofcolumns=\count191
)
\tikz@expandcount=\count192

(c:/Programs/texlive/2020/texmf-dist/tex/generic/pgf/frontendlayer/tikz/librari
es/tikzlibrarytopaths.code.tex
File: tikzlibrarytopaths.code.tex 2020/01/08 v3.1.5b (3.1.5b)
)))
(c:/Programs/texlive/2020/texmf-dist/tex/latex/pgfplots/pgfplots.sty
(c:/Programs/texlive/2020/texmf-dist/tex/generic/pgfplots/pgfplots.revision.tex
)
Package: pgfplots 2020/02/29 v1.17 Data Visualization (1.17)
 (c:/Programs/texlive/2020/texmf-dist/tex/generic/pgfplots/pgfplots.code.tex
(c:/Programs/texlive/2020/texmf-dist/tex/generic/pgfplots/pgfplotscore.code.tex
\t@pgfplots@toka=\toks28
\t@pgfplots@tokb=\toks29
\t@pgfplots@tokc=\toks30
\pgfplots@tmpa=\dimen187
\c@pgfplots@coordindex=\count193
\c@pgfplots@scanlineindex=\count194

(c:/Programs/texlive/2020/texmf-dist/tex/generic/pgfplots/sys/pgfplotssysgeneri
c.code.tex))
(c:/Programs/texlive/2020/texmf-dist/tex/generic/pgfplots/libs/pgfplotslibrary.
code.tex)
(c:/Programs/texlive/2020/texmf-dist/tex/generic/pgfplots/oldpgfcompatib/pgfplo
tsoldpgfsupp_loader.code.tex
(c:/Programs/texlive/2020/texmf-dist/tex/generic/pgf/libraries/pgflibraryfpu.co
de.tex))
(c:/Programs/texlive/2020/texmf-dist/tex/generic/pgfplots/util/pgfplotsutil.cod
e.tex
(c:/Programs/texlive/2020/texmf-dist/tex/generic/pgfplots/liststructure/pgfplot
sliststructure.code.tex)
(c:/Programs/texlive/2020/texmf-dist/tex/generic/pgfplots/liststructure/pgfplot
sliststructureext.code.tex)
(c:/Programs/texlive/2020/texmf-dist/tex/generic/pgfplots/liststructure/pgfplot
sarray.code.tex
\c@pgfplotsarray@tmp=\count195
)
(c:/Programs/texlive/2020/texmf-dist/tex/generic/pgfplots/liststructure/pgfplot
smatrix.code.tex)
(c:/Programs/texlive/2020/texmf-dist/tex/generic/pgfplots/numtable/pgfplotstabl
eshared.code.tex
\c@pgfplotstable@counta=\count196
\t@pgfplotstable@a=\toks31
)
(c:/Programs/texlive/2020/texmf-dist/tex/generic/pgfplots/liststructure/pgfplot
sdeque.code.tex)
(c:/Programs/texlive/2020/texmf-dist/tex/generic/pgfplots/util/pgfplotsbinary.c
ode.tex
(c:/Programs/texlive/2020/texmf-dist/tex/generic/pgfplots/util/pgfplotsbinary.d
ata.code.tex))
(c:/Programs/texlive/2020/texmf-dist/tex/generic/pgfplots/util/pgfplotsutil.ver
b.code.tex)
(c:/Programs/texlive/2020/texmf-dist/tex/generic/pgfplots/libs/pgflibrarypgfplo
ts.surfshading.code.tex
\c@pgfplotslibrarysurf@no=\count197

(c:/Programs/texlive/2020/texmf-dist/tex/generic/pgfplots/sys/pgflibrarypgfplot
s.surfshading.pgfsys-xetex.def
(c:/Programs/texlive/2020/texmf-dist/tex/generic/pgfplots/sys/pgflibrarypgfplot
s.surfshading.pgfsys-dvipdfmx.def
\c@pgfplotslibrarysurf@streamlen=\count198
))))
(c:/Programs/texlive/2020/texmf-dist/tex/generic/pgfplots/util/pgfplotscolormap
.code.tex
(c:/Programs/texlive/2020/texmf-dist/tex/generic/pgfplots/util/pgfplotscolor.co
de.tex))
(c:/Programs/texlive/2020/texmf-dist/tex/generic/pgfplots/pgfplotsstackedplots.
code.tex)
(c:/Programs/texlive/2020/texmf-dist/tex/generic/pgfplots/pgfplotsplothandlers.
code.tex
(c:/Programs/texlive/2020/texmf-dist/tex/generic/pgfplots/pgfplotsmeshplothandl
er.code.tex
(c:/Programs/texlive/2020/texmf-dist/tex/generic/pgfplots/pgfplotsmeshplotimage
.code.tex)))
(c:/Programs/texlive/2020/texmf-dist/tex/generic/pgfplots/pgfplots.scaling.code
.tex)
(c:/Programs/texlive/2020/texmf-dist/tex/generic/pgfplots/pgfplotscoordprocessi
ng.code.tex)
(c:/Programs/texlive/2020/texmf-dist/tex/generic/pgfplots/pgfplots.errorbars.co
de.tex)
(c:/Programs/texlive/2020/texmf-dist/tex/generic/pgfplots/pgfplots.markers.code
.tex)
(c:/Programs/texlive/2020/texmf-dist/tex/generic/pgfplots/pgfplotsticks.code.te
x)
(c:/Programs/texlive/2020/texmf-dist/tex/generic/pgfplots/pgfplots.paths.code.t
ex)
(c:/Programs/texlive/2020/texmf-dist/tex/generic/pgf/frontendlayer/tikz/librari
es/tikzlibrarydecorations.code.tex
(c:/Programs/texlive/2020/texmf-dist/tex/generic/pgf/modules/pgfmoduledecoratio
ns.code.tex
\pgfdecoratedcompleteddistance=\dimen188
\pgfdecoratedremainingdistance=\dimen189
\pgfdecoratedinputsegmentcompleteddistance=\dimen190
\pgfdecoratedinputsegmentremainingdistance=\dimen191
\pgf@decorate@distancetomove=\dimen192
\pgf@decorate@repeatstate=\count199
\pgfdecorationsegmentamplitude=\dimen193
\pgfdecorationsegmentlength=\dimen194
)
\tikz@lib@dec@box=\box56
)
(c:/Programs/texlive/2020/texmf-dist/tex/generic/pgf/frontendlayer/tikz/librari
es/tikzlibrarydecorations.pathmorphing.code.tex
(c:/Programs/texlive/2020/texmf-dist/tex/generic/pgf/libraries/decorations/pgfl
ibrarydecorations.pathmorphing.code.tex))
(c:/Programs/texlive/2020/texmf-dist/tex/generic/pgf/frontendlayer/tikz/librari
es/tikzlibrarydecorations.pathreplacing.code.tex
(c:/Programs/texlive/2020/texmf-dist/tex/generic/pgf/libraries/decorations/pgfl
ibrarydecorations.pathreplacing.code.tex))
\pgfplots@numplots=\count266
\pgfplots@xmin@reg=\dimen195
\pgfplots@xmax@reg=\dimen196
\pgfplots@ymin@reg=\dimen197
\pgfplots@ymax@reg=\dimen198
\pgfplots@zmin@reg=\dimen199
\pgfplots@zmax@reg=\dimen256
)
(c:/Programs/texlive/2020/texmf-dist/tex/generic/pgf/frontendlayer/tikz/librari
es/tikzlibraryplotmarks.code.tex
File: tikzlibraryplotmarks.code.tex 2020/01/08 v3.1.5b (3.1.5b)

(c:/Programs/texlive/2020/texmf-dist/tex/generic/pgf/libraries/pgflibraryplotma
rks.code.tex
File: pgflibraryplotmarks.code.tex 2020/01/08 v3.1.5b (3.1.5b)
)))
(c:/Programs/texlive/2020/texmf-dist/tex/latex/caption/subcaption.sty
Package: subcaption 2020/01/22 v1.3d Sub-captions (AR)

(c:/Programs/texlive/2020/texmf-dist/tex/latex/caption/caption.sty
Package: caption 2020/01/03 v3.4h Customizing captions (AR)

(c:/Programs/texlive/2020/texmf-dist/tex/latex/caption/caption3.sty
Package: caption3 2020/01/03 v1.8h caption3 kernel (AR)
Package caption3 Info: TeX engine: e-TeX on input line 61.
\captionmargin=\dimen257
\captionmargin@=\dimen258
\captionwidth=\dimen259
\caption@tempdima=\dimen260
\caption@indent=\dimen261
\caption@parindent=\dimen262
\caption@hangindent=\dimen263
Package caption Info: Standard document class detected.
)
\c@caption@flags=\count267
\c@continuedfloat=\count268
)
\c@subfigure=\count269
\c@subtable=\count270
)
(c:/Programs/texlive/2020/texmf-dist/tex/latex/biblatex/biblatex.sty
Package: biblatex 2019/12/01 v3.14 programmable bibliographies (PK/MW)

(c:/Programs/texlive/2020/texmf-dist/tex/latex/pdftexcmds/pdftexcmds.sty
Package: pdftexcmds 2019/11/24 v0.31 Utility functions of pdfTeX for LuaTeX (HO
)

(c:/Programs/texlive/2020/texmf-dist/tex/generic/infwarerr/infwarerr.sty
Package: infwarerr 2019/12/03 v1.5 Providing info/warning/error messages (HO)
)
(c:/Programs/texlive/2020/texmf-dist/tex/generic/iftex/iftex.sty
Package: iftex 2020/03/06 v1.0d TeX engine tests
)
(c:/Programs/texlive/2020/texmf-dist/tex/generic/ltxcmds/ltxcmds.sty
Package: ltxcmds 2019/12/15 v1.24 LaTeX kernel commands for general use (HO)
)
Package pdftexcmds Info: \pdf@primitive is available.
Package pdftexcmds Info: \pdf@ifprimitive is available.
Package pdftexcmds Info: \pdfdraftmode not found.
)
(c:/Programs/texlive/2020/texmf-dist/tex/latex/etoolbox/etoolbox.sty
Package: etoolbox 2019/09/21 v2.5h e-TeX tools for LaTeX (JAW)
\etb@tempcnta=\count271
)
(c:/Programs/texlive/2020/texmf-dist/tex/latex/kvoptions/kvoptions.sty
Package: kvoptions 2019/11/29 v3.13 Key value format for package options (HO)

(c:/Programs/texlive/2020/texmf-dist/tex/generic/kvsetkeys/kvsetkeys.sty
Package: kvsetkeys 2019/12/15 v1.18 Key value parser (HO)
))
(c:/Programs/texlive/2020/texmf-dist/tex/latex/logreq/logreq.sty
Package: logreq 2010/08/04 v1.0 xml request logger
\lrq@indent=\count272

(c:/Programs/texlive/2020/texmf-dist/tex/latex/logreq/logreq.def
File: logreq.def 2010/08/04 v1.0 logreq spec v1.0
))
(c:/Programs/texlive/2020/texmf-dist/tex/latex/base/ifthen.sty
Package: ifthen 2014/09/29 v1.1c Standard LaTeX ifthen package (DPC)
)
(c:/Programs/texlive/2020/texmf-dist/tex/latex/url/url.sty
\Urlmuskip=\muskip16
Package: url 2013/09/16  ver 3.4  Verb mode for urls, etc.
)
\c@tabx@nest=\count273
\c@listtotal=\count274
\c@listcount=\count275
\c@liststart=\count276
\c@liststop=\count277
\c@citecount=\count278
\c@citetotal=\count279
\c@multicitecount=\count280
\c@multicitetotal=\count281
\c@instcount=\count282
\c@maxnames=\count283
\c@minnames=\count284
\c@maxitems=\count285
\c@minitems=\count286
\c@citecounter=\count287
\c@maxcitecounter=\count288
\c@savedcitecounter=\count289
\c@uniquelist=\count290
\c@uniquename=\count291
\c@refsection=\count292
\c@refsegment=\count293
\c@maxextratitle=\count294
\c@maxextratitleyear=\count295
\c@maxextraname=\count296
\c@maxextradate=\count297
\c@maxextraalpha=\count298
\c@abbrvpenalty=\count299
\c@highnamepenalty=\count300
\c@lownamepenalty=\count301
\c@maxparens=\count302
\c@parenlevel=\count303
\blx@tempcnta=\count304
\blx@tempcntb=\count305
\blx@tempcntc=\count306
\blx@maxsection=\count307
\blx@maxsegment@0=\count308
\blx@notetype=\count309
\blx@parenlevel@text=\count310
\blx@parenlevel@foot=\count311
\blx@sectionciteorder@0=\count312
\blx@entrysetcounter=\count313
\labelnumberwidth=\skip49
\labelalphawidth=\skip50
\biblabelsep=\skip51
\bibitemsep=\skip52
\bibnamesep=\skip53
\bibinitsep=\skip54
\bibparsep=\skip55
\bibhang=\skip56
\blx@bcfin=\read3
\blx@bcfout=\write4
\blx@langwohyphens=\language86
\c@mincomprange=\count314
\c@maxcomprange=\count315
\c@mincompwidth=\count316
Package biblatex Info: Trying to load biblatex default data model...
Package biblatex Info: ... file 'blx-dm.def' found.

(c:/Programs/texlive/2020/texmf-dist/tex/latex/biblatex/blx-dm.def
File: blx-dm.def 2019/12/01 v3.14 biblatex localization (PK/MW)
)
Package biblatex Info: Trying to load biblatex custom data model...
Package biblatex Info: ... file 'biblatex-dm.cfg' not found.
\c@afterword=\count317
\c@savedafterword=\count318
\c@annotator=\count319
\c@savedannotator=\count320
\c@author=\count321
\c@savedauthor=\count322
\c@bookauthor=\count323
\c@savedbookauthor=\count324
\c@commentator=\count325
\c@savedcommentator=\count326
\c@editor=\count327
\c@savededitor=\count328
\c@editora=\count329
\c@savededitora=\count330
\c@editorb=\count331
\c@savededitorb=\count332
\c@editorc=\count333
\c@savededitorc=\count334
\c@foreword=\count335
\c@savedforeword=\count336
\c@holder=\count337
\c@savedholder=\count338
\c@introduction=\count339
\c@savedintroduction=\count340
\c@namea=\count341
\c@savednamea=\count342
\c@nameb=\count343
\c@savednameb=\count344
\c@namec=\count345
\c@savednamec=\count346
\c@translator=\count347
\c@savedtranslator=\count348
\c@shortauthor=\count349
\c@savedshortauthor=\count350
\c@shorteditor=\count351
\c@savedshorteditor=\count352
\c@labelname=\count353
\c@savedlabelname=\count354
\c@institution=\count355
\c@savedinstitution=\count356
\c@lista=\count357
\c@savedlista=\count358
\c@listb=\count359
\c@savedlistb=\count360
\c@listc=\count361
\c@savedlistc=\count362
\c@listd=\count363
\c@savedlistd=\count364
\c@liste=\count365
\c@savedliste=\count366
\c@listf=\count367
\c@savedlistf=\count368
\c@location=\count369
\c@savedlocation=\count370
\c@organization=\count371
\c@savedorganization=\count372
\c@origlocation=\count373
\c@savedoriglocation=\count374
\c@origpublisher=\count375
\c@savedorigpublisher=\count376
\c@publisher=\count377
\c@savedpublisher=\count378
\c@language=\count379
\c@savedlanguage=\count380
\c@origlanguage=\count381
\c@savedoriglanguage=\count382
\c@pageref=\count383
\c@savedpageref=\count384
\shorthandwidth=\skip57
\shortjournalwidth=\skip58
\shortserieswidth=\skip59
\shorttitlewidth=\skip60
\shortauthorwidth=\skip61
\shorteditorwidth=\skip62
\locallabelnumberwidth=\skip63
\locallabelalphawidth=\skip64
\localshorthandwidth=\skip65
\localshortjournalwidth=\skip66
\localshortserieswidth=\skip67
\localshorttitlewidth=\skip68
\localshortauthorwidth=\skip69
\localshorteditorwidth=\skip70
Package biblatex Info: Trying to load enhanced support for Unicode engines...
Package biblatex Info: ... file 'blx-unicode.def' found.

(c:/Programs/texlive/2020/texmf-dist/tex/latex/biblatex/blx-unicode.def)
Package biblatex Info: Trying to load compatibility code...
Package biblatex Info: ... file 'blx-compat.def' found.

(c:/Programs/texlive/2020/texmf-dist/tex/latex/biblatex/blx-compat.def
File: blx-compat.def 2019/12/01 v3.14 biblatex compatibility (PK/MW)
)
Package biblatex Info: Trying to load generic definitions...
Package biblatex Info: ... file 'biblatex.def' found.

(c:/Programs/texlive/2020/texmf-dist/tex/latex/biblatex/biblatex.def
File: biblatex.def 2019/12/01 v3.14 biblatex compatibility (PK/MW)
\c@textcitecount=\count385
\c@textcitetotal=\count386
\c@textcitemaxnames=\count387
\c@biburlbigbreakpenalty=\count388
\c@biburlbreakpenalty=\count389
\c@biburlnumpenalty=\count390
\c@biburlucpenalty=\count391
\c@biburllcpenalty=\count392
\biburlbigskip=\muskip17
\biburlnumskip=\muskip18
\biburlucskip=\muskip19
\biburllcskip=\muskip20
\c@smartand=\count393
)
Package biblatex Info: Trying to load bibliography style 'numeric'...
Package biblatex Info: ... file 'numeric.bbx' found.

(c:/Programs/texlive/2020/texmf-dist/tex/latex/biblatex/bbx/numeric.bbx
File: numeric.bbx 2019/12/01 v3.14 biblatex bibliography style (PK/MW)
Package biblatex Info: Trying to load bibliography style 'standard'...
Package biblatex Info: ... file 'standard.bbx' found.

(c:/Programs/texlive/2020/texmf-dist/tex/latex/biblatex/bbx/standard.bbx
File: standard.bbx 2019/12/01 v3.14 biblatex bibliography style (PK/MW)
\c@bbx:relatedcount=\count394
\c@bbx:relatedtotal=\count395
))
Package biblatex Info: Trying to load citation style 'numeric'...
Package biblatex Info: ... file 'numeric.cbx' found.

(c:/Programs/texlive/2020/texmf-dist/tex/latex/biblatex/cbx/numeric.cbx
File: numeric.cbx 2019/12/01 v3.14 biblatex citation style (PK/MW)
Package biblatex Info: Redefining '\cite'.
Package biblatex Info: Redefining '\parencite'.
Package biblatex Info: Redefining '\footcite'.
Package biblatex Info: Redefining '\footcitetext'.
Package biblatex Info: Redefining '\smartcite'.
Package biblatex Info: Redefining '\supercite'.
Package biblatex Info: Redefining '\textcite'.
Package biblatex Info: Redefining '\textcites'.
Package biblatex Info: Redefining '\cites'.
Package biblatex Info: Redefining '\parencites'.
Package biblatex Info: Redefining '\smartcites'.
)
Package biblatex Info: Trying to load configuration file...
Package biblatex Info: ... file 'biblatex.cfg' found.

(c:/Programs/texlive/2020/texmf-dist/tex/latex/biblatex/biblatex.cfg
File: biblatex.cfg 
))
(c:/Programs/texlive/2020/texmf-dist/tex/latex/physics/physics.sty
Package: physics 

(c:/Programs/texlive/2020/texmf-dist/tex/latex/l3packages/xparse/xparse.sty
(c:/Programs/texlive/2020/texmf-dist/tex/latex/l3kernel/expl3.sty
Package: expl3 2020-03-06 L3 programming layer (loader) 

(c:/Programs/texlive/2020/texmf-dist/tex/latex/l3backend/l3backend-xdvipdfmx.de
f
File: l3backend-xdvipdfmx.def 2020-03-12 L3 backend support: xdvipdfmx
\g__graphics_track_int=\count396
\l__pdf_internal_box=\box57
\g__pdf_backend_object_int=\count397
\g__pdf_backend_annotation_int=\count398
))
Package: xparse 2020-03-06 L3 Experimental document command parser
\l__xparse_current_arg_int=\count399
\g__xparse_grabber_int=\count400
\l__xparse_m_args_int=\count401
\l__xparse_v_nesting_int=\count402
) (c:/Programs/texlive/2020/texmf-dist/tex/latex/amsmath/amsmath.sty
Package: amsmath 2020/01/20 v2.17e AMS math features
\@mathmargin=\skip71

For additional information on amsmath, use the `?' option.
(c:/Programs/texlive/2020/texmf-dist/tex/latex/amsmath/amstext.sty
Package: amstext 2000/06/29 v2.01 AMS text

(c:/Programs/texlive/2020/texmf-dist/tex/latex/amsmath/amsgen.sty
File: amsgen.sty 1999/11/30 v2.0 generic functions
\@emptytoks=\toks32
\ex@=\dimen264
))
(c:/Programs/texlive/2020/texmf-dist/tex/latex/amsmath/amsbsy.sty
Package: amsbsy 1999/11/29 v1.2d Bold Symbols
\pmbraise@=\dimen265
)
(c:/Programs/texlive/2020/texmf-dist/tex/latex/amsmath/amsopn.sty
Package: amsopn 2016/03/08 v2.02 operator names
)
\inf@bad=\count403
LaTeX Info: Redefining \frac on input line 227.
\uproot@=\count404
\leftroot@=\count405
LaTeX Info: Redefining \overline on input line 389.
\classnum@=\count406
\DOTSCASE@=\count407
LaTeX Info: Redefining \ldots on input line 486.
LaTeX Info: Redefining \dots on input line 489.
LaTeX Info: Redefining \cdots on input line 610.
\Mathstrutbox@=\box58
\strutbox@=\box59
\big@size=\dimen266
LaTeX Font Info:    Redeclaring font encoding OML on input line 733.
LaTeX Font Info:    Redeclaring font encoding OMS on input line 734.
\macc@depth=\count408
\c@MaxMatrixCols=\count409
\dotsspace@=\muskip21
\c@parentequation=\count410
\dspbrk@lvl=\count411
\tag@help=\toks33
\row@=\count412
\column@=\count413
\maxfields@=\count414
\andhelp@=\toks34
\eqnshift@=\dimen267
\alignsep@=\dimen268
\tagshift@=\dimen269
\tagwidth@=\dimen270
\totwidth@=\dimen271
\lineht@=\dimen272
\@envbody=\toks35
\multlinegap=\skip72
\multlinetaggap=\skip73
\mathdisplay@stack=\toks36
LaTeX Info: Redefining \[ on input line 2859.
LaTeX Info: Redefining \] on input line 2860.
))
(c:/Programs/texlive/2020/texmf-dist/tex/latex/mhchem/mhchem.sty
Package: mhchem 2018/06/22 v4.08 for typesetting chemical formulae

(c:/Programs/texlive/2020/texmf-dist/tex/latex/l3packages/l3keys2e/l3keys2e.sty
Package: l3keys2e 2020-03-06 LaTeX2e option processing using LaTeX3 keys
) (c:/Programs/texlive/2020/texmf-dist/tex/latex/tools/calc.sty
Package: calc 2017/05/25 v4.3 Infix arithmetic (KKT,FJ)
\calc@Acount=\count415
\calc@Bcount=\count416
\calc@Adimen=\dimen273
\calc@Bdimen=\dimen274
\calc@Askip=\skip74
\calc@Bskip=\skip75
LaTeX Info: Redefining \setlength on input line 80.
LaTeX Info: Redefining \addtolength on input line 81.
\calc@Ccount=\count417
\calc@Cskip=\skip76
)
(c:/Programs/texlive/2020/texmf-dist/tex/latex/chemgreek/chemgreek.sty
Package: chemgreek 2020/01/16 v1.1a interface for upright Greek letters for use
 in chemistry (CN)
\l__chemgreek_tmpa_int=\count418
\g__chemgreek_tmpa_int=\count419
)
\l__mhchem_ce_distanceFromLastComma_int=\count420
\__mhchem_arrow_extPgfLength_skip=\skip77
\mhchem@minispace@tmp=\skip78
\mhchem@minibackspace@tmp=\skip79
\mhchem@bondwidth=\skip80
\mhchem@bondheight=\skip81
\mhchem@smallbondwidth@tmpA=\skip82
\mhchem@smallbondwidth@tmpB=\skip83
\mhchem@smallbondwidth=\skip84
\mhchem@bondtmp@minussidebearingleft=\skip85
\mhchem@bondtmp@minussidebearingright=\skip86
\l__mhchem_option_version_int=\count421
\mhchem@option@minusmathsidebearingleft=\dimen275
\mhchem@option@minusmathsidebearingright=\dimen276
\mhchem@option@minustextsidebearingleft=\dimen277
\mhchem@option@minustextsidebearingright=\dimen278
)
(c:/Programs/texlive/2020/texmf-dist/tex/latex/siunitx/siunitx.sty
Package: siunitx 2020/02/25 v2.8b A comprehensive (SI) units package

(c:/Programs/texlive/2020/texmf-dist/tex/latex/tools/array.sty
Package: array 2019/08/31 v2.4l Tabular extension package (FMi)
\col@sep=\dimen279
\ar@mcellbox=\box60
\extrarowheight=\dimen280
\NC@list=\toks37
\extratabsurround=\skip87
\backup@length=\skip88
\ar@cellbox=\box61
)
\l__siunitx_tmp_box=\box62
\l__siunitx_tmp_dim=\dimen281
\l__siunitx_tmp_int=\count422
\l__siunitx_number_mantissa_length_int=\count423
\l__siunitx_number_uncert_length_int=\count424
\l__siunitx_round_int=\count425
\l__siunitx_process_decimal_int=\count426
\l__siunitx_process_uncertainty_int=\count427
\l__siunitx_process_fixed_int=\count428
\l__siunitx_process_integer_min_int=\count429
\l__siunitx_process_precision_int=\count430
\l__siunitx_group_min_int=\count431
\l__siunitx_angle_marker_box=\box63
\l__siunitx_angle_unit_box=\box64
\l__siunitx_angle_marker_dim=\dimen282
\l__siunitx_angle_unit_dim=\dimen283
\l__siunitx_unit_int=\count432
\l__siunitx_unit_denominator_int=\count433
\l__siunitx_unit_numerator_int=\count434
\l__siunitx_unit_prefix_int=\count435
\l__siunitx_unit_prefix_base_int=\count436
\l__siunitx_unit_prefix_gram_int=\count437
\l__siunitx_number_product_int=\count438
\c__siunitx_one_fill_skip=\skip89
\l__siunitx_table_unit_align_skip=\skip90
\l__siunitx_table_exponent_dim=\dimen284
\l__siunitx_table_integer_dim=\dimen285
\l__siunitx_table_mantissa_dim=\dimen286
\l__siunitx_table_marker_dim=\dimen287
\l__siunitx_table_result_dim=\dimen288
\l__siunitx_table_uncert_dim=\dimen289
\l__siunitx_table_fill_pre_dim=\dimen290
\l__siunitx_table_fill_post_dim=\dimen291
\l__siunitx_table_fill_mid_dim=\dimen292
\l__siunitx_table_pre_box=\box65
\l__siunitx_table_post_box=\box66
\l__siunitx_table_mantissa_box=\box67
\l__siunitx_table_result_box=\box68
\l__siunitx_table_number_align_skip=\skip91
\l__siunitx_table_text_align_skip=\skip92

(c:/Programs/texlive/2020/texmf-dist/tex/latex/translator/translator.sty
Package: translator 2019-05-31 v1.12a Easy translation of strings in LaTeX
))
(c:/Programs/texlive/2020/texmf-dist/tex/latex/sectsty/sectsty.sty
Package: sectsty 2002/02/25 v2.0.2 Commands to change all sectional heading sty
les


LaTeX Warning: Command \underbar  has changed.
               Check if current package is valid.


LaTeX Warning: Command \underline  has changed.
               Check if current package is valid.

) (c:/Programs/texlive/2020/texmf-dist/tex/latex/esint/esint.sty
Package: esint 
\symlargesymbolsA=\mathgroup4
)
(c:/Programs/texlive/2020/texmf-dist/tex/latex/fancyhdr/fancyhdr.sty
Package: fancyhdr 2019/01/31 v3.10 Extensive control of page headers and footer
s
\f@nch@headwidth=\skip93
\f@nch@O@elh=\skip94
\f@nch@O@erh=\skip95
\f@nch@O@olh=\skip96
\f@nch@O@orh=\skip97
\f@nch@O@elf=\skip98
\f@nch@O@erf=\skip99
\f@nch@O@olf=\skip100
\f@nch@O@orf=\skip101
)
(c:/Programs/texlive/2020/texmf-dist/tex/latex/paralist/paralist.sty
Package: paralist 2017/01/22 v2.7 Extended list environments
\pltopsep=\skip102
\plpartopsep=\skip103
\plitemsep=\skip104
\plparsep=\skip105
\pl@lab=\toks38
)
(c:/Programs/texlive/2020/texmf-dist/tex/latex/booktabs/booktabs.sty
Package: booktabs 2020/01/12 v1.61803398 Publication quality tables
\heavyrulewidth=\dimen293
\lightrulewidth=\dimen294
\cmidrulewidth=\dimen295
\belowrulesep=\dimen296
\belowbottomsep=\dimen297
\aboverulesep=\dimen298
\abovetopsep=\dimen299
\cmidrulesep=\dimen300
\cmidrulekern=\dimen301
\defaultaddspace=\dimen302
\@cmidla=\count439
\@cmidlb=\count440
\@aboverulesep=\dimen303
\@belowrulesep=\dimen304
\@thisruleclass=\count441
\@lastruleclass=\count442
\@thisrulewidth=\dimen305
)
(c:/Programs/texlive/2020/texmf-dist/tex/latex/tex-gyre/tgbonum.sty
Package: tgbonum 2009/09/27 v1.2 TeX Gyre Bonum as default roman family
)
(c:/Programs/texlive/2020/texmf-dist/tex/latex/lipsum/lipsum.sty
Package: lipsum 2019/01/02 v2.2 150 paragraphs of Lorem Ipsum dummy text

(c:/Programs/texlive/2020/texmf-dist/tex/latex/lipsum/lipsum.ltd.tex
File: lipsum.ltd.tex 2019/01/02 v2.2 The Lorem ipsum dummy text
))
(c:/Programs/texlive/2020/texmf-dist/tex/latex/blindtext/blindtext.sty
Package: blindtext 2012/01/06 V2.0 blindtext-Package

(c:/Programs/texlive/2020/texmf-dist/tex/latex/tools/xspace.sty
Package: xspace 2014/10/28 v1.13 Space after command names (DPC,MH)
)
\c@blindtext=\count443
\c@Blindtext=\count444
\c@blind@countparstart=\count445
\blind@countxx=\count446
\blindtext@numBlindtext=\count447
\blind@countyy=\count448
\c@blindlist=\count449
\c@blindlistlevel=\count450
\c@blindlist@level=\count451
\blind@listitem=\count452
\c@blind@listcount=\count453
\c@blind@levelcount=\count454
\blind@mathformula=\count455
\blind@Mathformula=\count456
\c@blind@randomcount=\count457
\c@blind@randommax=\count458
\c@blind@pangramcount=\count459
\c@blind@pangrammax=\count460
)
\@quotelevel=\count461
\@quotereset=\count462

(./tex_temp.aux)
\openout1 = `tex_temp.aux'.

LaTeX Font Info:    Checking defaults for OML/cmm/m/it on input line 52.
LaTeX Font Info:    ... okay on input line 52.
LaTeX Font Info:    Checking defaults for OMS/cmsy/m/n on input line 52.
LaTeX Font Info:    ... okay on input line 52.
LaTeX Font Info:    Checking defaults for OT1/cmr/m/n on input line 52.
LaTeX Font Info:    ... okay on input line 52.
LaTeX Font Info:    Checking defaults for T1/cmr/m/n on input line 52.
LaTeX Font Info:    ... okay on input line 52.
LaTeX Font Info:    Checking defaults for TS1/cmr/m/n on input line 52.
LaTeX Font Info:    Trying to load font information for TS1+cmr on input line 5
2.
 (c:/Programs/texlive/2020/texmf-dist/tex/latex/base/ts1cmr.fd
File: ts1cmr.fd 2019/12/16 v2.5j Standard LaTeX font definitions
)
LaTeX Font Info:    ... okay on input line 52.
LaTeX Font Info:    Checking defaults for TU/lmr/m/n on input line 52.
LaTeX Font Info:    ... okay on input line 52.
LaTeX Font Info:    Checking defaults for OMX/cmex/m/n on input line 52.
LaTeX Font Info:    ... okay on input line 52.
LaTeX Font Info:    Checking defaults for U/cmr/m/n on input line 52.
LaTeX Font Info:    ... okay on input line 52.
LaTeX Font Info:    Trying to load font information for TU+qbk on input line 52
.
LaTeX Font Info:    No file TUqbk.fd. on input line 52.

LaTeX Font Warning: Font shape `TU/qbk/m/n' undefined
(Font)              using `TU/lmr/m/n' instead on input line 52.

ABD: EveryShipout initializing macros

Package pgfplots Warning: running in backwards compatibility mode (unsuitable t
ick labels; missing features). Consider writing \pgfplotsset{compat=1.17} into 
your preamble.
 on input line 52.

Package caption Info: Begin \AtBeginDocument code.
Package caption Info: End \AtBeginDocument code.
Package biblatex Info: Trying to load language 'english'...
Package biblatex Info: ... file 'english.lbx' found.
(c:/Programs/texlive/2020/texmf-dist/tex/latex/biblatex/lbx/english.lbx
File: english.lbx 2019/12/01 v3.14 biblatex localization (PK/MW)
)
Package biblatex Info: XeTeX detected.
(biblatex)             Assuming input encoding 'utf8'.
Package biblatex Info: Data encoding 'utf8' specified.
(biblatex)             No need to reencode data.
\openout4 = `tex_temp.bcf'.

Package biblatex Info: Trying to load bibliographic data...
Package biblatex Info: ... file 'tex_temp.bbl' found.

(./tex_temp.bbl)
Package biblatex Info: Reference section=0 on input line 52.
Package biblatex Info: Reference segment=0 on input line 52.

Package chemgreek Info: Activating mapping `default' on line 52.


(c:/Programs/texlive/2020/texmf-dist/tex/latex/translator/translator-basic-dict
ionary-English.dict
Dictionary: translator-basic-dictionary, Language: English 
)
(c:/Programs/texlive/2020/texmf-dist/tex/latex/siunitx/siunitx-abbreviations.cf
g
File: siunitx-abbreviations.cfg 2017/11/26 v2.7k siunitx: Abbreviated units
)
LaTeX Font Info:    Trying to load font information for U+esint on input line 5
2.
 (c:/Programs/texlive/2020/texmf-dist/tex/latex/esint/uesint.fd
File: uesint.fd 
)

Package Fancyhdr Warning: \headheight is too small (12.0pt): 
Make it at least 14.49998pt.
We now make it that large for the rest of the document.
This may cause the page layout to be inconsistent, however.

[1

] [2] [3] [4] (./tex_temp.aux)

LaTeX Font Warning: Some font shapes were not available, defaults substituted.

Package logreq Info: Writing requests to 'tex_temp.run.xml'.
\openout1 = `tex_temp.run.xml'.

 ) 
Here is how much of TeX's memory you used:
 35026 strings out of 479418
 853259 string characters out of 5884145
 1663132 words of memory out of 5000000
 52040 multiletter control sequences out of 15000+600000
 537369 words of font info for 46 fonts, out of 8000000 for 9000
 1348 hyphenation exceptions out of 8191
 63i,11n,98p,843b,743s stack positions out of 5000i,500n,10000p,200000b,80000s

Output written on tex_temp.pdf (4 pages).
